<?xml version="1.0" encoding="utf-8"?><testsuites name="pytest tests"><testsuite name="pytest" errors="0" failures="0" skipped="0" tests="30" time="4.862" timestamp="2026-09-04T22:09:18.606271+00:00" hostname="agent-env-e7e421d3-daad-4f8c-9ad9-bd0a8d3bfe68"><testcase classname="tests.backend_test.TestAuth" name="test_register_returns_tokens_and_user" time="0.501" /><testcase classname="tests.backend_test.TestLegalConsentPermissions" name="test_legal_documents_list" time="0.250" /><testcase classname="tests.backend_test.TestLegalConsentPermissions" name="test_legal_terms_body" time="0.230" /><testcase classname="tests.backend_test.TestLegalConsentPermissions" name="test_record_consent" time="0.568" /><testcase classname="tests.backend_test.TestAuth" name="test_register_duplicate_409" time="0.795" /><testcase classname="tests.backend_test.TestLegalConsentPermissions" name="test_consent_status" time="0.298" /><testcase classname="tests.backend_test.TestAuth" name="test_login_wrong_password_401" time="0.302" /><testcase classname="tests.backend_test.TestLegalConsentPermissions" name="test_permissions_catalog_14" time="0.227" /><testcase classname="tests.backend_test.TestLegalConsentPermissions" name="test_permission_grant_then_revoke_history" time="0.462" /><testcase classname="tests.backend_test.TestAuth" name="test_me_with_bearer" time="0.071" /><testcase classname="tests.backend_test.TestAuth" name="test_refresh_rotates_and_old_fails" time="0.422" /><testcase classname="tests.backend_test.TestPlans" name="test_plans_catalog_has_three" time="0.071" /><testcase classname="tests.backend_test.TestProfileAndGroups" name="test_profile_and_avatar" time="0.165" /><testcase classname="tests.backend_test.TestPlans" name="test_entitlements" time="0.068" /><testcase classname="tests.backend_test.TestPlans" name="test_billing_upgrade_pro_503" time="0.073" /><testcase classname="tests.backend_test.TestProfileAndGroups" name="test_free_plan_second_group_402" time="0.102" /><testcase classname="tests.backend_test.TestPlans" name="test_system_status_providers" time="0.073" /><testcase classname="tests.backend_test.TestProfileAndGroups" name="test_rename_group" time="0.070" /><testcase classname="tests.backend_test.TestProfileAndGroups" name="test_invitation_dispatch_resend_cancel" time="0.301" /><testcase classname="tests.backend_test.TestMobility" name="test_geocode_puerta_del_sol" time="0.345" /><testcase classname="tests.backend_test.TestProfileAndGroups" name="test_temporary_invite_and_accept_flow" time="0.523" /><testcase classname="tests.backend_test.TestMobility" name="test_route_two_points" time="0.489" /><testcase classname="tests.backend_test.TestLocation" name="test_location_without_permission_403" time="0.353" /><testcase classname="tests.backend_test.TestMobility" name="test_traffic_truthful" time="0.430" /><testcase classname="tests.backend_test.TestLocation" name="test_location_with_permission_ok_and_positions" time="0.173" /><testcase classname="tests.backend_test.TestMobility" name="test_anti_congestion_plan_gate" time="0.069" /><testcase classname="tests.backend_test.TestEvents" name="test_checkin_and_action_resolve" time="0.196" /><testcase classname="tests.backend_test.TestEvents" name="test_v16_kind_returns_503" time="0.049" /><testcase classname="tests.backend_test.TestMeetings" name="test_create_meeting_geocoded" time="0.602" /><testcase classname="tests.backend_test.TestConvoys" name="test_convoy_flow" time="0.207" /></testsuite></testsuites>